# JRE version: OpenJDK Runtime Environment (8.0_152-b01) (build 1.8.0_152-release-915-b01)
# Java VM: OpenJDK 64-Bit Server VM (25.152-b01 mixed mode windows-amd64 compressed oops)
Heap:
 PSYoungGen      total 189440K, used 69934K [0x00000000e0000000, 0x00000000eca00000, 0x0000000100000000)
  eden space 175616K, 31% used [0x00000000e0000000,0x00000000e36cc640,0x00000000eab80000)
  from space 13824K, 99% used [0x00000000eaf00000,0x00000000ebc7f4e0,0x00000000ebc80000)
  to   space 12288K, 0% used [0x00000000ebe00000,0x00000000ebe00000,0x00000000eca00000)
 ParOldGen       total 82944K, used 24892K [0x00000000a0000000, 0x00000000a5100000, 0x00000000e0000000)
  object space 82944K, 30% used [0x00000000a0000000,0x00000000a184f068,0x00000000a5100000)
 Metaspace       used 53655K, capacity 55522K, committed 55680K, reserved 1097728K
  class space    used 7275K, capacity 7774K, committed 7808K, reserved 1048576K
GC Heap History (10 events):
Event: 16.655 GC heap before
{Heap before GC invocations=7 (full 1):
 PSYoungGen      total 71680K, used 71655K [0x00000000e0000000, 0x00000000e8100000, 0x0000000100000000)
  eden space 66560K, 100% used [0x00000000e0000000,0x00000000e4100000,0x00000000e4100000)
  from space 5120K, 99% used [0x00000000e4100000,0x00000000e45f9e68,0x00000000e4600000)
  to   space 9728K, 0% used [0x00000000e7780000,0x00000000e7780000,0x00000000e8100000)
 ParOldGen       total 56320K, used 10403K [0x00000000a0000000, 0x00000000a3700000, 0x00000000e0000000)
  object space 56320K, 18% used [0x00000000a0000000,0x00000000a0a28ee8,0x00000000a3700000)
 Metaspace       used 31216K, capacity 31862K, committed 32000K, reserved 1077248K
  class space    used 4305K, capacity 4584K, committed 4608K, reserved 1048576K
Event: 16.685 GC heap after
Heap after GC invocations=7 (full 1):
 PSYoungGen      total 120832K, used 9715K [0x00000000e0000000, 0x00000000e8380000, 0x0000000100000000)
  eden space 111104K, 0% used [0x00000000e0000000,0x00000000e0000000,0x00000000e6c80000)
  from space 9728K, 99% used [0x00000000e7780000,0x00000000e80fcff0,0x00000000e8100000)
  to   space 11264K, 0% used [0x00000000e6c80000,0x00000000e6c80000,0x00000000e7780000)
 ParOldGen       total 56320K, used 10565K [0x00000000a0000000, 0x00000000a3700000, 0x00000000e0000000)
  object space 56320K, 18% used [0x00000000a0000000,0x00000000a0a51528,0x00000000a3700000)
 Metaspace       used 31216K, capacity 31862K, committed 32000K, reserved 1077248K
  class space    used 4305K, capacity 4584K, committed 4608K, reserved 1048576K
}
Event: 19.178 GC heap before
{Heap before GC invocations=8 (full 1):
 PSYoungGen      total 120832K, used 78684K [0x00000000e0000000, 0x00000000e8380000, 0x0000000100000000)
  eden space 111104K, 62% used [0x00000000e0000000,0x00000000e435a338,0x00000000e6c80000)
  from space 9728K, 99% used [0x00000000e7780000,0x00000000e80fcff0,0x00000000e8100000)
  to   space 11264K, 0% used [0x00000000e6c80000,0x00000000e6c80000,0x00000000e7780000)
 ParOldGen       total 56320K, used 10565K [0x00000000a0000000, 0x00000000a3700000, 0x00000000e0000000)
  object space 56320K, 18% used [0x00000000a0000000,0x00000000a0a51528,0x00000000a3700000)
 Metaspace       used 34449K, capacity 35284K, committed 35416K, reserved 1079296K
  class space    used 4686K, capacity 5006K, committed 5120K, reserved 1048576K
Event: 19.191 GC heap after
Heap after GC invocations=8 (full 1):
 PSYoungGen      total 122368K, used 10356K [0x00000000e0000000, 0x00000000eca00000, 0x0000000100000000)
  eden space 111104K, 0% used [0x00000000e0000000,0x00000000e0000000,0x00000000e6c80000)
  from space 11264K, 91% used [0x00000000e6c80000,0x00000000e769d3c0,0x00000000e7780000)
  to   space 12288K, 0% used [0x00000000ebe00000,0x00000000ebe00000,0x00000000eca00000)
 ParOldGen       total 56320K, used 10637K [0x00000000a0000000, 0x00000000a3700000, 0x00000000e0000000)
  object space 56320K, 18% used [0x00000000a0000000,0x00000000a0a63538,0x00000000a3700000)
 Metaspace       used 34449K, capacity 35284K, committed 35416K, reserved 1079296K
  class space    used 4686K, capacity 5006K, committed 5120K, reserved 1048576K
}
Event: 19.191 GC heap before
{Heap before GC invocations=9 (full 2):
 PSYoungGen      total 122368K, used 10356K [0x00000000e0000000, 0x00000000eca00000, 0x0000000100000000)
  eden space 111104K, 0% used [0x00000000e0000000,0x00000000e0000000,0x00000000e6c80000)
  from space 11264K, 91% used [0x00000000e6c80000,0x00000000e769d3c0,0x00000000e7780000)
  to   space 12288K, 0% used [0x00000000ebe00000,0x00000000ebe00000,0x00000000eca00000)
 ParOldGen       total 56320K, used 10637K [0x00000000a0000000, 0x00000000a3700000, 0x00000000e0000000)
  object space 56320K, 18% used [0x00000000a0000000,0x00000000a0a63538,0x00000000a3700000)
 Metaspace       used 34449K, capacity 35284K, committed 35416K, reserved 1079296K
  class space    used 4686K, capacity 5006K, committed 5120K, reserved 1048576K
Event: 19.287 GC heap after
Heap after GC invocations=9 (full 2):
 PSYoungGen      total 122368K, used 0K [0x00000000e0000000, 0x00000000eca00000, 0x0000000100000000)
  eden space 111104K, 0% used [0x00000000e0000000,0x00000000e0000000,0x00000000e6c80000)
  from space 11264K, 0% used [0x00000000e6c80000,0x00000000e6c80000,0x00000000e7780000)
  to   space 12288K, 0% used [0x00000000ebe00000,0x00000000ebe00000,0x00000000eca00000)
 ParOldGen       total 82944K, used 16365K [0x00000000a0000000, 0x00000000a5100000, 0x00000000e0000000)
  object space 82944K, 19% used [0x00000000a0000000,0x00000000a0ffb6c8,0x00000000a5100000)
 Metaspace       used 34449K, capacity 35284K, committed 35416K, reserved 1079296K
  class space    used 4686K, capacity 5006K, committed 5120K, reserved 1048576K
}
Event: 22.421 GC heap before
{Heap before GC invocations=10 (full 2):
 PSYoungGen      total 122368K, used 111104K [0x00000000e0000000, 0x00000000eca00000, 0x0000000100000000)
  eden space 111104K, 100% used [0x00000000e0000000,0x00000000e6c80000,0x00000000e6c80000)
  from space 11264K, 0% used [0x00000000e6c80000,0x00000000e6c80000,0x00000000e7780000)
  to   space 12288K, 0% used [0x00000000ebe00000,0x00000000ebe00000,0x00000000eca00000)
 ParOldGen       total 82944K, used 16365K [0x00000000a0000000, 0x00000000a5100000, 0x00000000e0000000)
  object space 82944K, 19% used [0x00000000a0000000,0x00000000a0ffb6c8,0x00000000a5100000)
 Metaspace       used 42191K, capacity 43236K, committed 43520K, reserved 1087488K
  class space    used 5643K, capacity 6022K, committed 6144K, reserved 1048576K
Event: 22.483 GC heap after
Heap after GC invocations=10 (full 2):
 PSYoungGen      total 187904K, used 12268K [0x00000000e0000000, 0x00000000eca00000, 0x0000000100000000)
  eden space 175616K, 0% used [0x00000000e0000000,0x00000000e0000000,0x00000000eab80000)
  from space 12288K, 99% used [0x00000000ebe00000,0x00000000ec9fb290,0x00000000eca00000)
  to   space 13824K, 0% used [0x00000000eaf00000,0x00000000eaf00000,0x00000000ebc80000)
 ParOldGen       total 82944K, used 16704K [0x00000000a0000000, 0x00000000a5100000, 0x00000000e0000000)
  object space 82944K, 20% used [0x00000000a0000000,0x00000000a1050390,0x00000000a5100000)
 Metaspace       used 42191K, capacity 43236K, committed 43520K, reserved 1087488K
  class space    used 5643K, capacity 6022K, committed 6144K, reserved 1048576K
}
Event: 31.620 GC heap before
{Heap before GC invocations=11 (full 2):
 PSYoungGen      total 187904K, used 187884K [0x00000000e0000000, 0x00000000eca00000, 0x0000000100000000)
  eden space 175616K, 100% used [0x00000000e0000000,0x00000000eab80000,0x00000000eab80000)
  from space 12288K, 99% used [0x00000000ebe00000,0x00000000ec9fb290,0x00000000eca00000)
  to   space 13824K, 0% used [0x00000000eaf00000,0x00000000eaf00000,0x00000000ebc80000)
 ParOldGen       total 82944K, used 16704K [0x00000000a0000000, 0x00000000a5100000, 0x00000000e0000000)
  object space 82944K, 20% used [0x00000000a0000000,0x00000000a1050390,0x00000000a5100000)
 Metaspace       used 53235K, capacity 55050K, committed 55168K, reserved 1097728K
  class space    used 7238K, capacity 7738K, committed 7808K, reserved 1048576K
Event: 31.723 GC heap after
Heap after GC invocations=11 (full 2):
 PSYoungGen      total 189440K, used 13821K [0x00000000e0000000, 0x00000000eca00000, 0x0000000100000000)
  eden space 175616K, 0% used [0x00000000e0000000,0x00000000e0000000,0x00000000eab80000)
  from space 13824K, 99% used [0x00000000eaf00000,0x00000000ebc7f4e0,0x00000000ebc80000)
  to   space 12288K, 0% used [0x00000000ebe00000,0x00000000ebe00000,0x00000000eca00000)
 ParOldGen       total 82944K, used 24892K [0x00000000a0000000, 0x00000000a5100000, 0x00000000e0000000)
  object space 82944K, 30% used [0x00000000a0000000,0x00000000a184f068,0x00000000a5100000)
 Metaspace       used 53235K, capacity 55050K, committed 55168K, reserved 1097728K
  class space    used 7238K, capacity 7738K, committed 7808K, reserved 1048576K
}

