# JRE version: OpenJDK Runtime Environment (8.0_152-b01) (build 1.8.0_152-release-915-b01)
# Java VM: OpenJDK 64-Bit Server VM (25.152-b01 mixed mode windows-amd64 compressed oops)
Heap:
 PSYoungGen      total 186368K, used 27336K [0x00000000e0000000, 0x00000000ed300000, 0x0000000100000000)
  eden space 164864K, 3% used [0x00000000e0000000,0x00000000e05b2910,0x00000000ea100000)
  from space 21504K, 99% used [0x00000000ea100000,0x00000000eb5ff958,0x00000000eb600000)
  to   space 15360K, 0% used [0x00000000eb600000,0x00000000eb600000,0x00000000ec500000)
 ParOldGen       total 101376K, used 35795K [0x00000000a0000000, 0x00000000a6300000, 0x00000000e0000000)
  object space 101376K, 35% used [0x00000000a0000000,0x00000000a22f4f58,0x00000000a6300000)
 Metaspace       used 55326K, capacity 56932K, committed 57176K, reserved 1099776K
  class space    used 7354K, capacity 7743K, committed 7808K, reserved 1048576K
GC Heap History (10 events):
Event: 8.451 GC heap before
{Heap before GC invocations=9 (full 2):
 PSYoungGen      total 108544K, used 9966K [0x00000000e0000000, 0x00000000ea300000, 0x0000000100000000)
  eden space 98304K, 0% used [0x00000000e0000000,0x00000000e0000000,0x00000000e6000000)
  from space 10240K, 97% used [0x00000000e6000000,0x00000000e69bb8d8,0x00000000e6a00000)
  to   space 11264K, 0% used [0x00000000e9800000,0x00000000e9800000,0x00000000ea300000)
 ParOldGen       total 63488K, used 10884K [0x00000000a0000000, 0x00000000a3e00000, 0x00000000e0000000)
  object space 63488K, 17% used [0x00000000a0000000,0x00000000a0aa10f0,0x00000000a3e00000)
 Metaspace       used 34649K, capacity 35232K, committed 35416K, reserved 1079296K
  class space    used 4695K, capacity 4914K, committed 4992K, reserved 1048576K
Event: 8.556 GC heap after
Heap after GC invocations=9 (full 2):
 PSYoungGen      total 108544K, used 0K [0x00000000e0000000, 0x00000000ea300000, 0x0000000100000000)
  eden space 98304K, 0% used [0x00000000e0000000,0x00000000e0000000,0x00000000e6000000)
  from space 10240K, 0% used [0x00000000e6000000,0x00000000e6000000,0x00000000e6a00000)
  to   space 11264K, 0% used [0x00000000e9800000,0x00000000e9800000,0x00000000ea300000)
 ParOldGen       total 101376K, used 16003K [0x00000000a0000000, 0x00000000a6300000, 0x00000000e0000000)
  object space 101376K, 15% used [0x00000000a0000000,0x00000000a0fa0e08,0x00000000a6300000)
 Metaspace       used 34649K, capacity 35232K, committed 35416K, reserved 1079296K
  class space    used 4695K, capacity 4914K, committed 4992K, reserved 1048576K
}
Event: 9.869 GC heap before
{Heap before GC invocations=10 (full 2):
 PSYoungGen      total 108544K, used 98304K [0x00000000e0000000, 0x00000000ea300000, 0x0000000100000000)
  eden space 98304K, 100% used [0x00000000e0000000,0x00000000e6000000,0x00000000e6000000)
  from space 10240K, 0% used [0x00000000e6000000,0x00000000e6000000,0x00000000e6a00000)
  to   space 11264K, 0% used [0x00000000e9800000,0x00000000e9800000,0x00000000ea300000)
 ParOldGen       total 101376K, used 16003K [0x00000000a0000000, 0x00000000a6300000, 0x00000000e0000000)
  object space 101376K, 15% used [0x00000000a0000000,0x00000000a0fa0e08,0x00000000a6300000)
 Metaspace       used 40987K, capacity 41744K, committed 42072K, reserved 1085440K
  class space    used 5454K, capacity 5705K, committed 5760K, reserved 1048576K
Event: 9.886 GC heap after
Heap after GC invocations=10 (full 2):
 PSYoungGen      total 147456K, used 10892K [0x00000000e0000000, 0x00000000ea300000, 0x0000000100000000)
  eden space 136192K, 0% used [0x00000000e0000000,0x00000000e0000000,0x00000000e8500000)
  from space 11264K, 96% used [0x00000000e9800000,0x00000000ea2a3258,0x00000000ea300000)
  to   space 12288K, 0% used [0x00000000e8b00000,0x00000000e8b00000,0x00000000e9700000)
 ParOldGen       total 101376K, used 16011K [0x00000000a0000000, 0x00000000a6300000, 0x00000000e0000000)
  object space 101376K, 15% used [0x00000000a0000000,0x00000000a0fa2e08,0x00000000a6300000)
 Metaspace       used 40987K, capacity 41744K, committed 42072K, reserved 1085440K
  class space    used 5454K, capacity 5705K, committed 5760K, reserved 1048576K
}
Event: 11.753 GC heap before
{Heap before GC invocations=11 (full 2):
 PSYoungGen      total 147456K, used 147084K [0x00000000e0000000, 0x00000000ea300000, 0x0000000100000000)
  eden space 136192K, 100% used [0x00000000e0000000,0x00000000e8500000,0x00000000e8500000)
  from space 11264K, 96% used [0x00000000e9800000,0x00000000ea2a3258,0x00000000ea300000)
  to   space 12288K, 0% used [0x00000000e8b00000,0x00000000e8b00000,0x00000000e9700000)
 ParOldGen       total 101376K, used 16011K [0x00000000a0000000, 0x00000000a6300000, 0x00000000e0000000)
  object space 101376K, 15% used [0x00000000a0000000,0x00000000a0fa2e08,0x00000000a6300000)
 Metaspace       used 49460K, capacity 50808K, committed 51032K, reserved 1093632K
  class space    used 6637K, capacity 7007K, committed 7040K, reserved 1048576K
Event: 11.793 GC heap after
Heap after GC invocations=11 (full 2):
 PSYoungGen      total 154624K, used 12268K [0x00000000e0000000, 0x00000000ec500000, 0x0000000100000000)
  eden space 142336K, 0% used [0x00000000e0000000,0x00000000e0000000,0x00000000e8b00000)
  from space 12288K, 99% used [0x00000000e8b00000,0x00000000e96fb1d0,0x00000000e9700000)
  to   space 15360K, 0% used [0x00000000eb600000,0x00000000eb600000,0x00000000ec500000)
 ParOldGen       total 101376K, used 20489K [0x00000000a0000000, 0x00000000a6300000, 0x00000000e0000000)
  object space 101376K, 20% used [0x00000000a0000000,0x00000000a1402760,0x00000000a6300000)
 Metaspace       used 49460K, capacity 50808K, committed 51032K, reserved 1093632K
  class space    used 6637K, capacity 7007K, committed 7040K, reserved 1048576K
}
Event: 46.423 GC heap before
{Heap before GC invocations=12 (full 2):
 PSYoungGen      total 154624K, used 154604K [0x00000000e0000000, 0x00000000ec500000, 0x0000000100000000)
  eden space 142336K, 100% used [0x00000000e0000000,0x00000000e8b00000,0x00000000e8b00000)
  from space 12288K, 99% used [0x00000000e8b00000,0x00000000e96fb1d0,0x00000000e9700000)
  to   space 15360K, 0% used [0x00000000eb600000,0x00000000eb600000,0x00000000ec500000)
 ParOldGen       total 101376K, used 20489K [0x00000000a0000000, 0x00000000a6300000, 0x00000000e0000000)
  object space 101376K, 20% used [0x00000000a0000000,0x00000000a1402760,0x00000000a6300000)
 Metaspace       used 53969K, capacity 55668K, committed 56024K, reserved 1097728K
  class space    used 7227K, capacity 7621K, committed 7680K, reserved 1048576K
Event: 46.455 GC heap after
Heap after GC invocations=12 (full 2):
 PSYoungGen      total 180224K, used 15332K [0x00000000e0000000, 0x00000000ed300000, 0x0000000100000000)
  eden space 164864K, 0% used [0x00000000e0000000,0x00000000e0000000,0x00000000ea100000)
  from space 15360K, 99% used [0x00000000eb600000,0x00000000ec4f90d8,0x00000000ec500000)
  to   space 21504K, 0% used [0x00000000ea100000,0x00000000ea100000,0x00000000eb600000)
 ParOldGen       total 101376K, used 31831K [0x00000000a0000000, 0x00000000a6300000, 0x00000000e0000000)
  object space 101376K, 31% used [0x00000000a0000000,0x00000000a1f15c98,0x00000000a6300000)
 Metaspace       used 53969K, capacity 55668K, committed 56024K, reserved 1097728K
  class space    used 7227K, capacity 7621K, committed 7680K, reserved 1048576K
}
Event: 53.774 GC heap before
{Heap before GC invocations=13 (full 2):
 PSYoungGen      total 180224K, used 180196K [0x00000000e0000000, 0x00000000ed300000, 0x0000000100000000)
  eden space 164864K, 100% used [0x00000000e0000000,0x00000000ea100000,0x00000000ea100000)
  from space 15360K, 99% used [0x00000000eb600000,0x00000000ec4f90d8,0x00000000ec500000)
  to   space 21504K, 0% used [0x00000000ea100000,0x00000000ea100000,0x00000000eb600000)
 ParOldGen       total 101376K, used 31831K [0x00000000a0000000, 0x00000000a6300000, 0x00000000e0000000)
  object space 101376K, 31% used [0x00000000a0000000,0x00000000a1f15c98,0x00000000a6300000)
 Metaspace       used 55158K, capacity 56802K, committed 56920K, reserved 1097728K
  class space    used 7341K, capacity 7742K, committed 7808K, reserved 1048576K
Event: 53.810 GC heap after
Heap after GC invocations=13 (full 2):
 PSYoungGen      total 186368K, used 21502K [0x00000000e0000000, 0x00000000ed300000, 0x0000000100000000)
  eden space 164864K, 0% used [0x00000000e0000000,0x00000000e0000000,0x00000000ea100000)
  from space 21504K, 99% used [0x00000000ea100000,0x00000000eb5ff958,0x00000000eb600000)
  to   space 15360K, 0% used [0x00000000eb600000,0x00000000eb600000,0x00000000ec500000)
 ParOldGen       total 101376K, used 35795K [0x00000000a0000000, 0x00000000a6300000, 0x00000000e0000000)
  object space 101376K, 35% used [0x00000000a0000000,0x00000000a22f4f58,0x00000000a6300000)
 Metaspace       used 55158K, capacity 56802K, committed 56920K, reserved 1097728K
  class space    used 7341K, capacity 7742K, committed 7808K, reserved 1048576K
}

