# JRE version: OpenJDK Runtime Environment (8.0_152-b01) (build 1.8.0_152-release-915-b01)
# Java VM: OpenJDK 64-Bit Server VM (25.152-b01 mixed mode windows-amd64 compressed oops)
Heap:
 PSYoungGen      total 219648K, used 57457K [0x00000000e0000000, 0x00000000ef000000, 0x0000000100000000)
  eden space 195584K, 21% used [0x00000000e0000000,0x00000000e29072c8,0x00000000ebf00000)
  from space 24064K, 64% used [0x00000000ed800000,0x00000000ee7153b8,0x00000000eef80000)
  to   space 25088K, 0% used [0x00000000ebf00000,0x00000000ebf00000,0x00000000ed780000)
 ParOldGen       total 144896K, used 66698K [0x00000000a0000000, 0x00000000a8d80000, 0x00000000e0000000)
  object space 144896K, 46% used [0x00000000a0000000,0x00000000a41229b0,0x00000000a8d80000)
 Metaspace       used 85868K, capacity 90858K, committed 91096K, reserved 1128448K
  class space    used 10748K, capacity 11840K, committed 12032K, reserved 1048576K
GC Heap History (10 events):
Event: 2820.257 GC heap before
{Heap before GC invocations=40 (full 4):
 PSYoungGen      total 197632K, used 176329K [0x00000000e0000000, 0x00000000ee980000, 0x0000000100000000)
  eden space 168960K, 100% used [0x00000000e0000000,0x00000000ea500000,0x00000000ea500000)
  from space 28672K, 25% used [0x00000000ea500000,0x00000000eac32678,0x00000000ec100000)
  to   space 27648K, 0% used [0x00000000ece80000,0x00000000ece80000,0x00000000ee980000)
 ParOldGen       total 144896K, used 66658K [0x00000000a0000000, 0x00000000a8d80000, 0x00000000e0000000)
  object space 144896K, 46% used [0x00000000a0000000,0x00000000a41189b0,0x00000000a8d80000)
 Metaspace       used 84480K, capacity 88466K, committed 89944K, reserved 1128448K
  class space    used 10600K, capacity 11517K, committed 11904K, reserved 1048576K
Event: 2820.268 GC heap after
Heap after GC invocations=40 (full 4):
 PSYoungGen      total 204288K, used 6256K [0x00000000e0000000, 0x00000000ee500000, 0x0000000100000000)
  eden space 181248K, 0% used [0x00000000e0000000,0x00000000e0000000,0x00000000eb100000)
  from space 23040K, 27% used [0x00000000ece80000,0x00000000ed49c198,0x00000000ee500000)
  to   space 26624K, 0% used [0x00000000eb100000,0x00000000eb100000,0x00000000ecb00000)
 ParOldGen       total 144896K, used 66666K [0x00000000a0000000, 0x00000000a8d80000, 0x00000000e0000000)
  object space 144896K, 46% used [0x00000000a0000000,0x00000000a411a9b0,0x00000000a8d80000)
 Metaspace       used 84480K, capacity 88466K, committed 89944K, reserved 1128448K
  class space    used 10600K, capacity 11517K, committed 11904K, reserved 1048576K
}
Event: 2967.152 GC heap before
{Heap before GC invocations=41 (full 4):
 PSYoungGen      total 204288K, used 187504K [0x00000000e0000000, 0x00000000ee500000, 0x0000000100000000)
  eden space 181248K, 100% used [0x00000000e0000000,0x00000000eb100000,0x00000000eb100000)
  from space 23040K, 27% used [0x00000000ece80000,0x00000000ed49c198,0x00000000ee500000)
  to   space 26624K, 0% used [0x00000000eb100000,0x00000000eb100000,0x00000000ecb00000)
 ParOldGen       total 144896K, used 66666K [0x00000000a0000000, 0x00000000a8d80000, 0x00000000e0000000)
  object space 144896K, 46% used [0x00000000a0000000,0x00000000a411a9b0,0x00000000a8d80000)
 Metaspace       used 84984K, capacity 89494K, committed 90200K, reserved 1128448K
  class space    used 10670K, capacity 11665K, committed 11904K, reserved 1048576K
Event: 2967.169 GC heap after
Heap after GC invocations=41 (full 4):
 PSYoungGen      total 207872K, used 12116K [0x00000000e0000000, 0x00000000eed80000, 0x0000000100000000)
  eden space 181248K, 0% used [0x00000000e0000000,0x00000000e0000000,0x00000000eb100000)
  from space 26624K, 45% used [0x00000000eb100000,0x00000000ebcd5288,0x00000000ecb00000)
  to   space 25600K, 0% used [0x00000000ed480000,0x00000000ed480000,0x00000000eed80000)
 ParOldGen       total 144896K, used 66674K [0x00000000a0000000, 0x00000000a8d80000, 0x00000000e0000000)
  object space 144896K, 46% used [0x00000000a0000000,0x00000000a411c9b0,0x00000000a8d80000)
 Metaspace       used 84984K, capacity 89494K, committed 90200K, reserved 1128448K
  class space    used 10670K, capacity 11665K, committed 11904K, reserved 1048576K
}
Event: 5025.753 GC heap before
{Heap before GC invocations=42 (full 4):
 PSYoungGen      total 207872K, used 193364K [0x00000000e0000000, 0x00000000eed80000, 0x0000000100000000)
  eden space 181248K, 100% used [0x00000000e0000000,0x00000000eb100000,0x00000000eb100000)
  from space 26624K, 45% used [0x00000000eb100000,0x00000000ebcd5288,0x00000000ecb00000)
  to   space 25600K, 0% used [0x00000000ed480000,0x00000000ed480000,0x00000000eed80000)
 ParOldGen       total 144896K, used 66674K [0x00000000a0000000, 0x00000000a8d80000, 0x00000000e0000000)
  object space 144896K, 46% used [0x00000000a0000000,0x00000000a411c9b0,0x00000000a8d80000)
 Metaspace       used 85223K, capacity 89908K, committed 90456K, reserved 1128448K
  class space    used 10692K, capacity 11722K, committed 11904K, reserved 1048576K
Event: 5025.770 GC heap after
Heap after GC invocations=42 (full 4):
 PSYoungGen      total 211456K, used 7514K [0x00000000e0000000, 0x00000000ee980000, 0x0000000100000000)
  eden space 189952K, 0% used [0x00000000e0000000,0x00000000e0000000,0x00000000eb980000)
  from space 21504K, 34% used [0x00000000ed480000,0x00000000edbd6af0,0x00000000ee980000)
  to   space 24576K, 0% used [0x00000000eb980000,0x00000000eb980000,0x00000000ed180000)
 ParOldGen       total 144896K, used 66682K [0x00000000a0000000, 0x00000000a8d80000, 0x00000000e0000000)
  object space 144896K, 46% used [0x00000000a0000000,0x00000000a411e9b0,0x00000000a8d80000)
 Metaspace       used 85223K, capacity 89908K, committed 90456K, reserved 1128448K
  class space    used 10692K, capacity 11722K, committed 11904K, reserved 1048576K
}
Event: 5432.276 GC heap before
{Heap before GC invocations=43 (full 4):
 PSYoungGen      total 211456K, used 197464K [0x00000000e0000000, 0x00000000ee980000, 0x0000000100000000)
  eden space 189952K, 99% used [0x00000000e0000000,0x00000000eb97f598,0x00000000eb980000)
  from space 21504K, 34% used [0x00000000ed480000,0x00000000edbd6af0,0x00000000ee980000)
  to   space 24576K, 0% used [0x00000000eb980000,0x00000000eb980000,0x00000000ed180000)
 ParOldGen       total 144896K, used 66682K [0x00000000a0000000, 0x00000000a8d80000, 0x00000000e0000000)
  object space 144896K, 46% used [0x00000000a0000000,0x00000000a411e9b0,0x00000000a8d80000)
 Metaspace       used 85544K, capacity 90332K, committed 90712K, reserved 1128448K
  class space    used 10709K, capacity 11751K, committed 11904K, reserved 1048576K
Event: 5432.289 GC heap after
Heap after GC invocations=43 (full 4):
 PSYoungGen      total 214528K, used 4789K [0x00000000e0000000, 0x00000000eef80000, 0x0000000100000000)
  eden space 189952K, 0% used [0x00000000e0000000,0x00000000e0000000,0x00000000eb980000)
  from space 24576K, 19% used [0x00000000eb980000,0x00000000ebe2d420,0x00000000ed180000)
  to   space 24064K, 0% used [0x00000000ed800000,0x00000000ed800000,0x00000000eef80000)
 ParOldGen       total 144896K, used 66690K [0x00000000a0000000, 0x00000000a8d80000, 0x00000000e0000000)
  object space 144896K, 46% used [0x00000000a0000000,0x00000000a41209b0,0x00000000a8d80000)
 Metaspace       used 85544K, capacity 90332K, committed 90712K, reserved 1128448K
  class space    used 10709K, capacity 11751K, committed 11904K, reserved 1048576K
}
Event: 6713.094 GC heap before
{Heap before GC invocations=44 (full 4):
 PSYoungGen      total 214528K, used 194741K [0x00000000e0000000, 0x00000000eef80000, 0x0000000100000000)
  eden space 189952K, 100% used [0x00000000e0000000,0x00000000eb980000,0x00000000eb980000)
  from space 24576K, 19% used [0x00000000eb980000,0x00000000ebe2d420,0x00000000ed180000)
  to   space 24064K, 0% used [0x00000000ed800000,0x00000000ed800000,0x00000000eef80000)
 ParOldGen       total 144896K, used 66690K [0x00000000a0000000, 0x00000000a8d80000, 0x00000000e0000000)
  object space 144896K, 46% used [0x00000000a0000000,0x00000000a41209b0,0x00000000a8d80000)
 Metaspace       used 85795K, capacity 90730K, committed 91096K, reserved 1128448K
  class space    used 10748K, capacity 11840K, committed 12032K, reserved 1048576K
Event: 6713.118 GC heap after
Heap after GC invocations=44 (full 4):
 PSYoungGen      total 219648K, used 15444K [0x00000000e0000000, 0x00000000ef000000, 0x0000000100000000)
  eden space 195584K, 0% used [0x00000000e0000000,0x00000000e0000000,0x00000000ebf00000)
  from space 24064K, 64% used [0x00000000ed800000,0x00000000ee7153b8,0x00000000eef80000)
  to   space 25088K, 0% used [0x00000000ebf00000,0x00000000ebf00000,0x00000000ed780000)
 ParOldGen       total 144896K, used 66698K [0x00000000a0000000, 0x00000000a8d80000, 0x00000000e0000000)
  object space 144896K, 46% used [0x00000000a0000000,0x00000000a41229b0,0x00000000a8d80000)
 Metaspace       used 85795K, capacity 90730K, committed 91096K, reserved 1128448K
  class space    used 10748K, capacity 11840K, committed 12032K, reserved 1048576K
}

