# JRE version: OpenJDK Runtime Environment (8.0_152-b01) (build 1.8.0_152-release-915-b01)
# Java VM: OpenJDK 64-Bit Server VM (25.152-b01 mixed mode windows-amd64 compressed oops)
Heap:
 PSYoungGen      total 142336K, used 48692K [0x00000000e0000000, 0x00000000eb200000, 0x0000000100000000)
  eden space 113152K, 39% used [0x00000000e0000000,0x00000000e2bad1b8,0x00000000e6e80000)
  from space 29184K, 13% used [0x00000000e6e80000,0x00000000e7260020,0x00000000e8b00000)
  to   space 29184K, 0% used [0x00000000e9580000,0x00000000e9580000,0x00000000eb200000)
 ParOldGen       total 157184K, used 125411K [0x00000000a0000000, 0x00000000a9980000, 0x00000000e0000000)
  object space 157184K, 79% used [0x00000000a0000000,0x00000000a7a78d08,0x00000000a9980000)
 Metaspace       used 86024K, capacity 95608K, committed 95764K, reserved 1132544K
  class space    used 10930K, capacity 13242K, committed 13332K, reserved 1048576K
GC Heap History (10 events):
Event: 4738.224 GC heap before
{Heap before GC invocations=76 (full 3):
 PSYoungGen      total 119296K, used 104384K [0x00000000e0000000, 0x00000000e9300000, 0x0000000100000000)
  eden space 93184K, 100% used [0x00000000e0000000,0x00000000e5b00000,0x00000000e5b00000)
  from space 26112K, 42% used [0x00000000e7980000,0x00000000e8470390,0x00000000e9300000)
  to   space 28672K, 0% used [0x00000000e5b00000,0x00000000e5b00000,0x00000000e7700000)
 ParOldGen       total 157184K, used 115163K [0x00000000a0000000, 0x00000000a9980000, 0x00000000e0000000)
  object space 157184K, 73% used [0x00000000a0000000,0x00000000a7076e68,0x00000000a9980000)
 Metaspace       used 85860K, capacity 95234K, committed 95380K, reserved 1132544K
  class space    used 10907K, capacity 13161K, committed 13204K, reserved 1048576K
Event: 4738.244 GC heap after
Heap after GC invocations=76 (full 3):
 PSYoungGen      total 121856K, used 11104K [0x00000000e0000000, 0x00000000e9d00000, 0x0000000100000000)
  eden space 93184K, 0% used [0x00000000e0000000,0x00000000e0000000,0x00000000e5b00000)
  from space 28672K, 38% used [0x00000000e5b00000,0x00000000e65d8020,0x00000000e7700000)
  to   space 27648K, 0% used [0x00000000e8200000,0x00000000e8200000,0x00000000e9d00000)
 ParOldGen       total 157184K, used 115639K [0x00000000a0000000, 0x00000000a9980000, 0x00000000e0000000)
  object space 157184K, 73% used [0x00000000a0000000,0x00000000a70edd10,0x00000000a9980000)
 Metaspace       used 85860K, capacity 95234K, committed 95380K, reserved 1132544K
  class space    used 10907K, capacity 13161K, committed 13204K, reserved 1048576K
}
Event: 4739.269 GC heap before
{Heap before GC invocations=77 (full 3):
 PSYoungGen      total 121856K, used 103300K [0x00000000e0000000, 0x00000000e9d00000, 0x0000000100000000)
  eden space 93184K, 98% used [0x00000000e0000000,0x00000000e5a09008,0x00000000e5b00000)
  from space 28672K, 38% used [0x00000000e5b00000,0x00000000e65d8020,0x00000000e7700000)
  to   space 27648K, 0% used [0x00000000e8200000,0x00000000e8200000,0x00000000e9d00000)
 ParOldGen       total 157184K, used 115639K [0x00000000a0000000, 0x00000000a9980000, 0x00000000e0000000)
  object space 157184K, 73% used [0x00000000a0000000,0x00000000a70edd10,0x00000000a9980000)
 Metaspace       used 85867K, capacity 95234K, committed 95380K, reserved 1132544K
  class space    used 10907K, capacity 13161K, committed 13204K, reserved 1048576K
Event: 4739.298 GC heap after
Heap after GC invocations=77 (full 3):
 PSYoungGen      total 129536K, used 25882K [0x00000000e0000000, 0x00000000ea400000, 0x0000000100000000)
  eden space 101888K, 0% used [0x00000000e0000000,0x00000000e0000000,0x00000000e6380000)
  from space 27648K, 93% used [0x00000000e8200000,0x00000000e9b46840,0x00000000e9d00000)
  to   space 31232K, 0% used [0x00000000e6380000,0x00000000e6380000,0x00000000e8200000)
 ParOldGen       total 157184K, used 116383K [0x00000000a0000000, 0x00000000a9980000, 0x00000000e0000000)
  object space 157184K, 74% used [0x00000000a0000000,0x00000000a71a7d70,0x00000000a9980000)
 Metaspace       used 85867K, capacity 95234K, committed 95380K, reserved 1132544K
  class space    used 10907K, capacity 13161K, committed 13204K, reserved 1048576K
}
Event: 4742.374 GC heap before
{Heap before GC invocations=78 (full 3):
 PSYoungGen      total 129536K, used 127770K [0x00000000e0000000, 0x00000000ea400000, 0x0000000100000000)
  eden space 101888K, 100% used [0x00000000e0000000,0x00000000e6380000,0x00000000e6380000)
  from space 27648K, 93% used [0x00000000e8200000,0x00000000e9b46840,0x00000000e9d00000)
  to   space 31232K, 0% used [0x00000000e6380000,0x00000000e6380000,0x00000000e8200000)
 ParOldGen       total 157184K, used 116383K [0x00000000a0000000, 0x00000000a9980000, 0x00000000e0000000)
  object space 157184K, 74% used [0x00000000a0000000,0x00000000a71a7d70,0x00000000a9980000)
 Metaspace       used 85891K, capacity 95234K, committed 95380K, reserved 1132544K
  class space    used 10907K, capacity 13161K, committed 13204K, reserved 1048576K
Event: 4742.411 GC heap after
Heap after GC invocations=78 (full 3):
 PSYoungGen      total 133120K, used 7063K [0x00000000e0000000, 0x00000000eac00000, 0x0000000100000000)
  eden space 101888K, 0% used [0x00000000e0000000,0x00000000e0000000,0x00000000e6380000)
  from space 31232K, 22% used [0x00000000e6380000,0x00000000e6a65e50,0x00000000e8200000)
  to   space 30720K, 0% used [0x00000000e8e00000,0x00000000e8e00000,0x00000000eac00000)
 ParOldGen       total 157184K, used 123663K [0x00000000a0000000, 0x00000000a9980000, 0x00000000e0000000)
  object space 157184K, 78% used [0x00000000a0000000,0x00000000a78c3c78,0x00000000a9980000)
 Metaspace       used 85891K, capacity 95234K, committed 95380K, reserved 1132544K
  class space    used 10907K, capacity 13161K, committed 13204K, reserved 1048576K
}
Event: 4810.867 GC heap before
{Heap before GC invocations=79 (full 3):
 PSYoungGen      total 133120K, used 108951K [0x00000000e0000000, 0x00000000eac00000, 0x0000000100000000)
  eden space 101888K, 100% used [0x00000000e0000000,0x00000000e6380000,0x00000000e6380000)
  from space 31232K, 22% used [0x00000000e6380000,0x00000000e6a65e50,0x00000000e8200000)
  to   space 30720K, 0% used [0x00000000e8e00000,0x00000000e8e00000,0x00000000eac00000)
 ParOldGen       total 157184K, used 123663K [0x00000000a0000000, 0x00000000a9980000, 0x00000000e0000000)
  object space 157184K, 78% used [0x00000000a0000000,0x00000000a78c3c78,0x00000000a9980000)
 Metaspace       used 85944K, capacity 95418K, committed 95636K, reserved 1132544K
  class space    used 10918K, capacity 13201K, committed 13204K, reserved 1048576K
Event: 4810.972 GC heap after
Heap after GC invocations=79 (full 3):
 PSYoungGen      total 139264K, used 13552K [0x00000000e0000000, 0x00000000ea780000, 0x0000000100000000)
  eden space 113152K, 0% used [0x00000000e0000000,0x00000000e0000000,0x00000000e6e80000)
  from space 26112K, 51% used [0x00000000e8e00000,0x00000000e9b3c020,0x00000000ea780000)
  to   space 29184K, 0% used [0x00000000e6e80000,0x00000000e6e80000,0x00000000e8b00000)
 ParOldGen       total 157184K, used 125155K [0x00000000a0000000, 0x00000000a9980000, 0x00000000e0000000)
  object space 157184K, 79% used [0x00000000a0000000,0x00000000a7a38c88,0x00000000a9980000)
 Metaspace       used 85944K, capacity 95418K, committed 95636K, reserved 1132544K
  class space    used 10918K, capacity 13201K, committed 13204K, reserved 1048576K
}
Event: 5748.325 GC heap before
{Heap before GC invocations=80 (full 3):
 PSYoungGen      total 139264K, used 126704K [0x00000000e0000000, 0x00000000ea780000, 0x0000000100000000)
  eden space 113152K, 100% used [0x00000000e0000000,0x00000000e6e80000,0x00000000e6e80000)
  from space 26112K, 51% used [0x00000000e8e00000,0x00000000e9b3c020,0x00000000ea780000)
  to   space 29184K, 0% used [0x00000000e6e80000,0x00000000e6e80000,0x00000000e8b00000)
 ParOldGen       total 157184K, used 125155K [0x00000000a0000000, 0x00000000a9980000, 0x00000000e0000000)
  object space 157184K, 79% used [0x00000000a0000000,0x00000000a7a38c88,0x00000000a9980000)
 Metaspace       used 86017K, capacity 95608K, committed 95764K, reserved 1132544K
  class space    used 10930K, capacity 13242K, committed 13332K, reserved 1048576K
Event: 5748.335 GC heap after
Heap after GC invocations=80 (full 3):
 PSYoungGen      total 142336K, used 3968K [0x00000000e0000000, 0x00000000eb200000, 0x0000000100000000)
  eden space 113152K, 0% used [0x00000000e0000000,0x00000000e0000000,0x00000000e6e80000)
  from space 29184K, 13% used [0x00000000e6e80000,0x00000000e7260020,0x00000000e8b00000)
  to   space 29184K, 0% used [0x00000000e9580000,0x00000000e9580000,0x00000000eb200000)
 ParOldGen       total 157184K, used 125411K [0x00000000a0000000, 0x00000000a9980000, 0x00000000e0000000)
  object space 157184K, 79% used [0x00000000a0000000,0x00000000a7a78d08,0x00000000a9980000)
 Metaspace       used 86017K, capacity 95608K, committed 95764K, reserved 1132544K
  class space    used 10930K, capacity 13242K, committed 13332K, reserved 1048576K
}

