# JRE version: OpenJDK Runtime Environment (8.0_152-b01) (build 1.8.0_152-release-915-b01)
# Java VM: OpenJDK 64-Bit Server VM (25.152-b01 mixed mode windows-amd64 compressed oops)
Heap:
 PSYoungGen      total 230912K, used 129058K [0x00000000e0000000, 0x00000000f2580000, 0x0000000100000000)
  eden space 222720K, 54% used [0x00000000e0000000,0x00000000e760d950,0x00000000ed980000)
  from space 8192K, 99% used [0x00000000f1d80000,0x00000000f257b0b0,0x00000000f2580000)
  to   space 28160K, 0% used [0x00000000eee80000,0x00000000eee80000,0x00000000f0a00000)
 ParOldGen       total 160256K, used 67420K [0x00000000a0000000, 0x00000000a9c80000, 0x00000000e0000000)
  object space 160256K, 42% used [0x00000000a0000000,0x00000000a41d70a8,0x00000000a9c80000)
 Metaspace       used 78215K, capacity 83794K, committed 83928K, reserved 1122304K
  class space    used 10176K, capacity 11423K, committed 11520K, reserved 1048576K
GC Heap History (10 events):
Event: 128.971 GC heap before
{Heap before GC invocations=17 (full 3):
 PSYoungGen      total 243712K, used 231325K [0x00000000e0000000, 0x00000000f1f00000, 0x0000000100000000)
  eden space 218624K, 100% used [0x00000000e0000000,0x00000000ed580000,0x00000000ed580000)
  from space 25088K, 50% used [0x00000000ed580000,0x00000000ee1e77f0,0x00000000eee00000)
  to   space 23552K, 0% used [0x00000000f0800000,0x00000000f0800000,0x00000000f1f00000)
 ParOldGen       total 160256K, used 48807K [0x00000000a0000000, 0x00000000a9c80000, 0x00000000e0000000)
  object space 160256K, 30% used [0x00000000a0000000,0x00000000a2fa9f98,0x00000000a9c80000)
 Metaspace       used 66904K, capacity 70650K, committed 70744K, reserved 1110016K
  class space    used 8913K, capacity 9799K, committed 9856K, reserved 1048576K
Event: 128.998 GC heap after
Heap after GC invocations=17 (full 3):
 PSYoungGen      total 270848K, used 9723K [0x00000000e0000000, 0x00000000f2300000, 0x0000000100000000)
  eden space 247296K, 0% used [0x00000000e0000000,0x00000000e0000000,0x00000000ef180000)
  from space 23552K, 41% used [0x00000000f0800000,0x00000000f117ef88,0x00000000f1f00000)
  to   space 23040K, 0% used [0x00000000ef180000,0x00000000ef180000,0x00000000f0800000)
 ParOldGen       total 160256K, used 48815K [0x00000000a0000000, 0x00000000a9c80000, 0x00000000e0000000)
  object space 160256K, 30% used [0x00000000a0000000,0x00000000a2fabf98,0x00000000a9c80000)
 Metaspace       used 66904K, capacity 70650K, committed 70744K, reserved 1110016K
  class space    used 8913K, capacity 9799K, committed 9856K, reserved 1048576K
}
Event: 188.675 GC heap before
{Heap before GC invocations=18 (full 3):
 PSYoungGen      total 270848K, used 257019K [0x00000000e0000000, 0x00000000f2300000, 0x0000000100000000)
  eden space 247296K, 100% used [0x00000000e0000000,0x00000000ef180000,0x00000000ef180000)
  from space 23552K, 41% used [0x00000000f0800000,0x00000000f117ef88,0x00000000f1f00000)
  to   space 23040K, 0% used [0x00000000ef180000,0x00000000ef180000,0x00000000f0800000)
 ParOldGen       total 160256K, used 48815K [0x00000000a0000000, 0x00000000a9c80000, 0x00000000e0000000)
  object space 160256K, 30% used [0x00000000a0000000,0x00000000a2fabf98,0x00000000a9c80000)
 Metaspace       used 67566K, capacity 71758K, committed 71896K, reserved 1112064K
  class space    used 8973K, capacity 9945K, committed 9984K, reserved 1048576K
Event: 188.696 GC heap after
Heap after GC invocations=18 (full 3):
 PSYoungGen      total 270336K, used 10609K [0x00000000e0000000, 0x00000000f3a80000, 0x0000000100000000)
  eden space 247296K, 0% used [0x00000000e0000000,0x00000000e0000000,0x00000000ef180000)
  from space 23040K, 46% used [0x00000000ef180000,0x00000000efbdc550,0x00000000f0800000)
  to   space 22016K, 0% used [0x00000000f2500000,0x00000000f2500000,0x00000000f3a80000)
 ParOldGen       total 160256K, used 48823K [0x00000000a0000000, 0x00000000a9c80000, 0x00000000e0000000)
  object space 160256K, 30% used [0x00000000a0000000,0x00000000a2fadf98,0x00000000a9c80000)
 Metaspace       used 67566K, capacity 71758K, committed 71896K, reserved 1112064K
  class space    used 8973K, capacity 9945K, committed 9984K, reserved 1048576K
}
Event: 598.393 GC heap before
{Heap before GC invocations=19 (full 3):
 PSYoungGen      total 270336K, used 257905K [0x00000000e0000000, 0x00000000f3a80000, 0x0000000100000000)
  eden space 247296K, 100% used [0x00000000e0000000,0x00000000ef180000,0x00000000ef180000)
  from space 23040K, 46% used [0x00000000ef180000,0x00000000efbdc550,0x00000000f0800000)
  to   space 22016K, 0% used [0x00000000f2500000,0x00000000f2500000,0x00000000f3a80000)
 ParOldGen       total 160256K, used 48823K [0x00000000a0000000, 0x00000000a9c80000, 0x00000000e0000000)
  object space 160256K, 30% used [0x00000000a0000000,0x00000000a2fadf98,0x00000000a9c80000)
 Metaspace       used 68701K, capacity 73786K, committed 74072K, reserved 1114112K
  class space    used 9130K, capacity 10251K, committed 10368K, reserved 1048576K
Event: 598.418 GC heap after
Heap after GC invocations=19 (full 3):
 PSYoungGen      total 252928K, used 13969K [0x00000000e0000000, 0x00000000f3300000, 0x0000000100000000)
  eden space 238592K, 0% used [0x00000000e0000000,0x00000000e0000000,0x00000000ee900000)
  from space 14336K, 97% used [0x00000000f2500000,0x00000000f32a4570,0x00000000f3300000)
  to   space 22016K, 0% used [0x00000000f0800000,0x00000000f0800000,0x00000000f1d80000)
 ParOldGen       total 160256K, used 48831K [0x00000000a0000000, 0x00000000a9c80000, 0x00000000e0000000)
  object space 160256K, 30% used [0x00000000a0000000,0x00000000a2faff98,0x00000000a9c80000)
 Metaspace       used 68701K, capacity 73786K, committed 74072K, reserved 1114112K
  class space    used 9130K, capacity 10251K, committed 10368K, reserved 1048576K
}
Event: 607.214 GC heap before
{Heap before GC invocations=20 (full 3):
 PSYoungGen      total 252928K, used 252512K [0x00000000e0000000, 0x00000000f3300000, 0x0000000100000000)
  eden space 238592K, 99% used [0x00000000e0000000,0x00000000ee8f3af0,0x00000000ee900000)
  from space 14336K, 97% used [0x00000000f2500000,0x00000000f32a4570,0x00000000f3300000)
  to   space 22016K, 0% used [0x00000000f0800000,0x00000000f0800000,0x00000000f1d80000)
 ParOldGen       total 160256K, used 48831K [0x00000000a0000000, 0x00000000a9c80000, 0x00000000e0000000)
  object space 160256K, 30% used [0x00000000a0000000,0x00000000a2faff98,0x00000000a9c80000)
 Metaspace       used 77443K, capacity 82650K, committed 82776K, reserved 1120256K
  class space    used 10131K, capacity 11301K, committed 11392K, reserved 1048576K
Event: 607.249 GC heap after
Heap after GC invocations=20 (full 3):
 PSYoungGen      total 252416K, used 21998K [0x00000000e0000000, 0x00000000f2580000, 0x0000000100000000)
  eden space 230400K, 0% used [0x00000000e0000000,0x00000000e0000000,0x00000000ee100000)
  from space 22016K, 99% used [0x00000000f0800000,0x00000000f1d7b888,0x00000000f1d80000)
  to   space 8192K, 0% used [0x00000000f1d80000,0x00000000f1d80000,0x00000000f2580000)
 ParOldGen       total 160256K, used 52466K [0x00000000a0000000, 0x00000000a9c80000, 0x00000000e0000000)
  object space 160256K, 32% used [0x00000000a0000000,0x00000000a333c9b8,0x00000000a9c80000)
 Metaspace       used 77443K, capacity 82650K, committed 82776K, reserved 1120256K
  class space    used 10131K, capacity 11301K, committed 11392K, reserved 1048576K
}
Event: 976.887 GC heap before
{Heap before GC invocations=21 (full 3):
 PSYoungGen      total 252416K, used 252398K [0x00000000e0000000, 0x00000000f2580000, 0x0000000100000000)
  eden space 230400K, 100% used [0x00000000e0000000,0x00000000ee100000,0x00000000ee100000)
  from space 22016K, 99% used [0x00000000f0800000,0x00000000f1d7b888,0x00000000f1d80000)
  to   space 8192K, 0% used [0x00000000f1d80000,0x00000000f1d80000,0x00000000f2580000)
 ParOldGen       total 160256K, used 52466K [0x00000000a0000000, 0x00000000a9c80000, 0x00000000e0000000)
  object space 160256K, 32% used [0x00000000a0000000,0x00000000a333c9b8,0x00000000a9c80000)
 Metaspace       used 78002K, capacity 83392K, committed 83544K, reserved 1122304K
  class space    used 10157K, capacity 11368K, committed 11392K, reserved 1048576K
Event: 976.931 GC heap after
Heap after GC invocations=21 (full 3):
 PSYoungGen      total 230912K, used 8172K [0x00000000e0000000, 0x00000000f2580000, 0x0000000100000000)
  eden space 222720K, 0% used [0x00000000e0000000,0x00000000e0000000,0x00000000ed980000)
  from space 8192K, 99% used [0x00000000f1d80000,0x00000000f257b0b0,0x00000000f2580000)
  to   space 28160K, 0% used [0x00000000eee80000,0x00000000eee80000,0x00000000f0a00000)
 ParOldGen       total 160256K, used 67420K [0x00000000a0000000, 0x00000000a9c80000, 0x00000000e0000000)
  object space 160256K, 42% used [0x00000000a0000000,0x00000000a41d70a8,0x00000000a9c80000)
 Metaspace       used 78002K, capacity 83392K, committed 83544K, reserved 1122304K
  class space    used 10157K, capacity 11368K, committed 11392K, reserved 1048576K
}

