# JRE version: OpenJDK Runtime Environment (8.0_152-b01) (build 1.8.0_152-release-915-b01)
# Java VM: OpenJDK 64-Bit Server VM (25.152-b01 mixed mode windows-amd64 compressed oops)
Heap:
 PSYoungGen      total 481792K, used 398000K [0x00000000e0000000, 0x0000000100000000, 0x0000000100000000)
  eden space 441344K, 88% used [0x00000000e0000000,0x00000000f7f8a088,0x00000000faf00000)
  from space 40448K, 12% used [0x00000000faf00000,0x00000000fb4222b0,0x00000000fd680000)
  to   space 40448K, 0% used [0x00000000fd880000,0x00000000fd880000,0x0000000100000000)
 ParOldGen       total 136192K, used 115432K [0x00000000a0000000, 0x00000000a8500000, 0x00000000e0000000)
  object space 136192K, 84% used [0x00000000a0000000,0x00000000a70ba388,0x00000000a8500000)
 Metaspace       used 90090K, capacity 97964K, committed 98136K, reserved 1134592K
  class space    used 11368K, capacity 13057K, committed 13184K, reserved 1048576K
GC Heap History (10 events):
Event: 7714.853 GC heap before
{Heap before GC invocations=28 (full 3):
 PSYoungGen      total 422400K, used 397340K [0x00000000e0000000, 0x0000000100000000, 0x0000000100000000)
  eden space 385024K, 100% used [0x00000000e0000000,0x00000000f7800000,0x00000000f7800000)
  from space 37376K, 32% used [0x00000000f9b80000,0x00000000fa787248,0x00000000fc000000)
  to   space 36352K, 0% used [0x00000000f7800000,0x00000000f7800000,0x00000000f9b80000)
 ParOldGen       total 136192K, used 101062K [0x00000000a0000000, 0x00000000a8500000, 0x00000000e0000000)
  object space 136192K, 74% used [0x00000000a0000000,0x00000000a62b19d0,0x00000000a8500000)
 Metaspace       used 89537K, capacity 97238K, committed 97496K, reserved 1134592K
  class space    used 11337K, capacity 12991K, committed 13056K, reserved 1048576K
Event: 7714.887 GC heap after
Heap after GC invocations=28 (full 3):
 PSYoungGen      total 421376K, used 26431K [0x00000000e0000000, 0x0000000100000000, 0x0000000100000000)
  eden space 385024K, 0% used [0x00000000e0000000,0x00000000e0000000,0x00000000f7800000)
  from space 36352K, 72% used [0x00000000f7800000,0x00000000f91cfcd0,0x00000000f9b80000)
  to   space 37888K, 0% used [0x00000000fdb00000,0x00000000fdb00000,0x0000000100000000)
 ParOldGen       total 136192K, used 101474K [0x00000000a0000000, 0x00000000a8500000, 0x00000000e0000000)
  object space 136192K, 74% used [0x00000000a0000000,0x00000000a63189e0,0x00000000a8500000)
 Metaspace       used 89537K, capacity 97238K, committed 97496K, reserved 1134592K
  class space    used 11337K, capacity 12991K, committed 13056K, reserved 1048576K
}
Event: 7735.567 GC heap before
{Heap before GC invocations=29 (full 3):
 PSYoungGen      total 421376K, used 411455K [0x00000000e0000000, 0x0000000100000000, 0x0000000100000000)
  eden space 385024K, 100% used [0x00000000e0000000,0x00000000f7800000,0x00000000f7800000)
  from space 36352K, 72% used [0x00000000f7800000,0x00000000f91cfcd0,0x00000000f9b80000)
  to   space 37888K, 0% used [0x00000000fdb00000,0x00000000fdb00000,0x0000000100000000)
 ParOldGen       total 136192K, used 101474K [0x00000000a0000000, 0x00000000a8500000, 0x00000000e0000000)
  object space 136192K, 74% used [0x00000000a0000000,0x00000000a63189e0,0x00000000a8500000)
 Metaspace       used 89709K, capacity 97430K, committed 97496K, reserved 1134592K
  class space    used 11337K, capacity 12991K, committed 13056K, reserved 1048576K
Event: 7735.612 GC heap after
Heap after GC invocations=29 (full 3):
 PSYoungGen      total 478208K, used 34441K [0x00000000e0000000, 0x0000000100000000, 0x0000000100000000)
  eden space 440320K, 0% used [0x00000000e0000000,0x00000000e0000000,0x00000000fae00000)
  from space 37888K, 90% used [0x00000000fdb00000,0x00000000ffca2618,0x0000000100000000)
  to   space 41984K, 0% used [0x00000000fae00000,0x00000000fae00000,0x00000000fd700000)
 ParOldGen       total 136192K, used 105135K [0x00000000a0000000, 0x00000000a8500000, 0x00000000e0000000)
  object space 136192K, 77% used [0x00000000a0000000,0x00000000a66abf28,0x00000000a8500000)
 Metaspace       used 89709K, capacity 97430K, committed 97496K, reserved 1134592K
  class space    used 11337K, capacity 12991K, committed 13056K, reserved 1048576K
}
Event: 7739.542 GC heap before
{Heap before GC invocations=30 (full 3):
 PSYoungGen      total 478208K, used 474761K [0x00000000e0000000, 0x0000000100000000, 0x0000000100000000)
  eden space 440320K, 100% used [0x00000000e0000000,0x00000000fae00000,0x00000000fae00000)
  from space 37888K, 90% used [0x00000000fdb00000,0x00000000ffca2618,0x0000000100000000)
  to   space 41984K, 0% used [0x00000000fae00000,0x00000000fae00000,0x00000000fd700000)
 ParOldGen       total 136192K, used 105135K [0x00000000a0000000, 0x00000000a8500000, 0x00000000e0000000)
  object space 136192K, 77% used [0x00000000a0000000,0x00000000a66abf28,0x00000000a8500000)
 Metaspace       used 89720K, capacity 97430K, committed 97496K, reserved 1134592K
  class space    used 11337K, capacity 12991K, committed 13056K, reserved 1048576K
Event: 7739.556 GC heap after
Heap after GC invocations=30 (full 3):
 PSYoungGen      total 482304K, used 11102K [0x00000000e0000000, 0x0000000100000000, 0x0000000100000000)
  eden space 440320K, 0% used [0x00000000e0000000,0x00000000e0000000,0x00000000fae00000)
  from space 41984K, 26% used [0x00000000fae00000,0x00000000fb8d7830,0x00000000fd700000)
  to   space 40960K, 0% used [0x00000000fd800000,0x00000000fd800000,0x0000000100000000)
 ParOldGen       total 136192K, used 109334K [0x00000000a0000000, 0x00000000a8500000, 0x00000000e0000000)
  object space 136192K, 80% used [0x00000000a0000000,0x00000000a6ac5800,0x00000000a8500000)
 Metaspace       used 89720K, capacity 97430K, committed 97496K, reserved 1134592K
  class space    used 11337K, capacity 12991K, committed 13056K, reserved 1048576K
}
Event: 7742.234 GC heap before
{Heap before GC invocations=31 (full 3):
 PSYoungGen      total 482304K, used 450790K [0x00000000e0000000, 0x0000000100000000, 0x0000000100000000)
  eden space 440320K, 99% used [0x00000000e0000000,0x00000000fad623a0,0x00000000fae00000)
  from space 41984K, 26% used [0x00000000fae00000,0x00000000fb8d7830,0x00000000fd700000)
  to   space 40960K, 0% used [0x00000000fd800000,0x00000000fd800000,0x0000000100000000)
 ParOldGen       total 136192K, used 109334K [0x00000000a0000000, 0x00000000a8500000, 0x00000000e0000000)
  object space 136192K, 80% used [0x00000000a0000000,0x00000000a6ac5800,0x00000000a8500000)
 Metaspace       used 89768K, capacity 97494K, committed 97752K, reserved 1134592K
  class space    used 11337K, capacity 12991K, committed 13056K, reserved 1048576K
Event: 7742.248 GC heap after
Heap after GC invocations=31 (full 3):
 PSYoungGen      total 480256K, used 9408K [0x00000000e0000000, 0x00000000ffe00000, 0x0000000100000000)
  eden space 441344K, 0% used [0x00000000e0000000,0x00000000e0000000,0x00000000faf00000)
  from space 38912K, 24% used [0x00000000fd800000,0x00000000fe130288,0x00000000ffe00000)
  to   space 40448K, 0% used [0x00000000faf00000,0x00000000faf00000,0x00000000fd680000)
 ParOldGen       total 136192K, used 114073K [0x00000000a0000000, 0x00000000a8500000, 0x00000000e0000000)
  object space 136192K, 83% used [0x00000000a0000000,0x00000000a6f66540,0x00000000a8500000)
 Metaspace       used 89768K, capacity 97494K, committed 97752K, reserved 1134592K
  class space    used 11337K, capacity 12991K, committed 13056K, reserved 1048576K
}
Event: 7771.343 GC heap before
{Heap before GC invocations=32 (full 3):
 PSYoungGen      total 480256K, used 450179K [0x00000000e0000000, 0x00000000ffe00000, 0x0000000100000000)
  eden space 441344K, 99% used [0x00000000e0000000,0x00000000fae70c88,0x00000000faf00000)
  from space 38912K, 24% used [0x00000000fd800000,0x00000000fe130288,0x00000000ffe00000)
  to   space 40448K, 0% used [0x00000000faf00000,0x00000000faf00000,0x00000000fd680000)
 ParOldGen       total 136192K, used 114073K [0x00000000a0000000, 0x00000000a8500000, 0x00000000e0000000)
  object space 136192K, 83% used [0x00000000a0000000,0x00000000a6f66540,0x00000000a8500000)
 Metaspace       used 89920K, capacity 97816K, committed 98008K, reserved 1134592K
  class space    used 11361K, capacity 13054K, committed 13056K, reserved 1048576K
Event: 7771.355 GC heap after
Heap after GC invocations=32 (full 3):
 PSYoungGen      total 481792K, used 5256K [0x00000000e0000000, 0x0000000100000000, 0x0000000100000000)
  eden space 441344K, 0% used [0x00000000e0000000,0x00000000e0000000,0x00000000faf00000)
  from space 40448K, 12% used [0x00000000faf00000,0x00000000fb4222b0,0x00000000fd680000)
  to   space 40448K, 0% used [0x00000000fd880000,0x00000000fd880000,0x0000000100000000)
 ParOldGen       total 136192K, used 115432K [0x00000000a0000000, 0x00000000a8500000, 0x00000000e0000000)
  object space 136192K, 84% used [0x00000000a0000000,0x00000000a70ba388,0x00000000a8500000)
 Metaspace       used 89920K, capacity 97816K, committed 98008K, reserved 1134592K
  class space    used 11361K, capacity 13054K, committed 13056K, reserved 1048576K
}

