# JRE version: OpenJDK Runtime Environment (8.0_152-b01) (build 1.8.0_152-release-915-b01)
# Java VM: OpenJDK 64-Bit Server VM (25.152-b01 mixed mode windows-amd64 compressed oops)
Heap:
 PSYoungGen      total 241152K, used 45287K [0x00000000e0000000, 0x00000000f1e80000, 0x0000000100000000)
  eden space 219136K, 10% used [0x00000000e0000000,0x00000000e16cb4f8,0x00000000ed600000)
  from space 22016K, 99% used [0x00000000efa00000,0x00000000f0f6e7e0,0x00000000f0f80000)
  to   space 15360K, 0% used [0x00000000f0f80000,0x00000000f0f80000,0x00000000f1e80000)
 ParOldGen       total 158208K, used 49767K [0x00000000a0000000, 0x00000000a9a80000, 0x00000000e0000000)
  object space 158208K, 31% used [0x00000000a0000000,0x00000000a3099dd0,0x00000000a9a80000)
 Metaspace       used 73142K, capacity 77017K, committed 77332K, reserved 1116160K
  class space    used 9463K, capacity 10424K, committed 10516K, reserved 1048576K
GC Heap History (10 events):
Event: 24.180 GC heap before
{Heap before GC invocations=14 (full 3):
 PSYoungGen      total 205312K, used 21967K [0x00000000e0000000, 0x00000000f2400000, 0x0000000100000000)
  eden space 181248K, 0% used [0x00000000e0000000,0x00000000e0000000,0x00000000eb100000)
  from space 24064K, 91% used [0x00000000eb100000,0x00000000ec673e80,0x00000000ec880000)
  to   space 26624K, 0% used [0x00000000f0a00000,0x00000000f0a00000,0x00000000f2400000)
 ParOldGen       total 95232K, used 34928K [0x00000000a0000000, 0x00000000a5d00000, 0x00000000e0000000)
  object space 95232K, 36% used [0x00000000a0000000,0x00000000a221c188,0x00000000a5d00000)
 Metaspace       used 56566K, capacity 59013K, committed 59028K, reserved 1099776K
  class space    used 7712K, capacity 8325K, committed 8340K, reserved 1048576K
Event: 24.512 GC heap after
Heap after GC invocations=14 (full 3):
 PSYoungGen      total 205312K, used 0K [0x00000000e0000000, 0x00000000f2400000, 0x0000000100000000)
  eden space 181248K, 0% used [0x00000000e0000000,0x00000000e0000000,0x00000000eb100000)
  from space 24064K, 0% used [0x00000000eb100000,0x00000000eb100000,0x00000000ec880000)
  to   space 26624K, 0% used [0x00000000f0a00000,0x00000000f0a00000,0x00000000f2400000)
 ParOldGen       total 158208K, used 49735K [0x00000000a0000000, 0x00000000a9a80000, 0x00000000e0000000)
  object space 158208K, 31% used [0x00000000a0000000,0x00000000a3091dd0,0x00000000a9a80000)
 Metaspace       used 56566K, capacity 59013K, committed 59028K, reserved 1099776K
  class space    used 7712K, capacity 8325K, committed 8340K, reserved 1048576K
}
Event: 49.152 GC heap before
{Heap before GC invocations=15 (full 3):
 PSYoungGen      total 205312K, used 181248K [0x00000000e0000000, 0x00000000f2400000, 0x0000000100000000)
  eden space 181248K, 100% used [0x00000000e0000000,0x00000000eb100000,0x00000000eb100000)
  from space 24064K, 0% used [0x00000000eb100000,0x00000000eb100000,0x00000000ec880000)
  to   space 26624K, 0% used [0x00000000f0a00000,0x00000000f0a00000,0x00000000f2400000)
 ParOldGen       total 158208K, used 49735K [0x00000000a0000000, 0x00000000a9a80000, 0x00000000e0000000)
  object space 158208K, 31% used [0x00000000a0000000,0x00000000a3091dd0,0x00000000a9a80000)
 Metaspace       used 62834K, capacity 65789K, committed 65940K, reserved 1105920K
  class space    used 8382K, capacity 9103K, committed 9108K, reserved 1048576K
Event: 49.170 GC heap after
Heap after GC invocations=15 (full 3):
 PSYoungGen      total 237568K, used 13746K [0x00000000e0000000, 0x00000000f1780000, 0x0000000100000000)
  eden space 223744K, 0% used [0x00000000e0000000,0x00000000e0000000,0x00000000eda80000)
  from space 13824K, 99% used [0x00000000f0a00000,0x00000000f176c950,0x00000000f1780000)
  to   space 25600K, 0% used [0x00000000ee580000,0x00000000ee580000,0x00000000efe80000)
 ParOldGen       total 158208K, used 49743K [0x00000000a0000000, 0x00000000a9a80000, 0x00000000e0000000)
  object space 158208K, 31% used [0x00000000a0000000,0x00000000a3093dd0,0x00000000a9a80000)
 Metaspace       used 62834K, capacity 65789K, committed 65940K, reserved 1105920K
  class space    used 8382K, capacity 9103K, committed 9108K, reserved 1048576K
}
Event: 207.747 GC heap before
{Heap before GC invocations=16 (full 3):
 PSYoungGen      total 237568K, used 237490K [0x00000000e0000000, 0x00000000f1780000, 0x0000000100000000)
  eden space 223744K, 100% used [0x00000000e0000000,0x00000000eda80000,0x00000000eda80000)
  from space 13824K, 99% used [0x00000000f0a00000,0x00000000f176c950,0x00000000f1780000)
  to   space 25600K, 0% used [0x00000000ee580000,0x00000000ee580000,0x00000000efe80000)
 ParOldGen       total 158208K, used 49743K [0x00000000a0000000, 0x00000000a9a80000, 0x00000000e0000000)
  object space 158208K, 31% used [0x00000000a0000000,0x00000000a3093dd0,0x00000000a9a80000)
 Metaspace       used 63995K, capacity 67281K, committed 67476K, reserved 1107968K
  class space    used 8467K, capacity 9286K, committed 9364K, reserved 1048576K
Event: 207.801 GC heap after
Heap after GC invocations=16 (full 3):
 PSYoungGen      total 260608K, used 9664K [0x00000000e0000000, 0x00000000f3680000, 0x0000000100000000)
  eden space 235008K, 0% used [0x00000000e0000000,0x00000000e0000000,0x00000000ee580000)
  from space 25600K, 37% used [0x00000000ee580000,0x00000000eeef0060,0x00000000efe80000)
  to   space 25088K, 0% used [0x00000000f1e00000,0x00000000f1e00000,0x00000000f3680000)
 ParOldGen       total 158208K, used 49751K [0x00000000a0000000, 0x00000000a9a80000, 0x00000000e0000000)
  object space 158208K, 31% used [0x00000000a0000000,0x00000000a3095dd0,0x00000000a9a80000)
 Metaspace       used 63995K, capacity 67281K, committed 67476K, reserved 1107968K
  class space    used 8467K, capacity 9286K, committed 9364K, reserved 1048576K
}
Event: 1429.474 GC heap before
{Heap before GC invocations=17 (full 3):
 PSYoungGen      total 260608K, used 244672K [0x00000000e0000000, 0x00000000f3680000, 0x0000000100000000)
  eden space 235008K, 100% used [0x00000000e0000000,0x00000000ee580000,0x00000000ee580000)
  from space 25600K, 37% used [0x00000000ee580000,0x00000000eeef0060,0x00000000efe80000)
  to   space 25088K, 0% used [0x00000000f1e00000,0x00000000f1e00000,0x00000000f3680000)
 ParOldGen       total 158208K, used 49751K [0x00000000a0000000, 0x00000000a9a80000, 0x00000000e0000000)
  object space 158208K, 31% used [0x00000000a0000000,0x00000000a3095dd0,0x00000000a9a80000)
 Metaspace       used 66047K, capacity 69741K, committed 69780K, reserved 1110016K
  class space    used 8681K, capacity 9612K, committed 9620K, reserved 1048576K
Event: 1429.496 GC heap after
Heap after GC invocations=17 (full 3):
 PSYoungGen      total 238080K, used 11223K [0x00000000e0000000, 0x00000000f2900000, 0x0000000100000000)
  eden space 226816K, 0% used [0x00000000e0000000,0x00000000e0000000,0x00000000edd80000)
  from space 11264K, 99% used [0x00000000f1e00000,0x00000000f28f5fe8,0x00000000f2900000)
  to   space 24064K, 0% used [0x00000000efa00000,0x00000000efa00000,0x00000000f1180000)
 ParOldGen       total 158208K, used 49759K [0x00000000a0000000, 0x00000000a9a80000, 0x00000000e0000000)
  object space 158208K, 31% used [0x00000000a0000000,0x00000000a3097dd0,0x00000000a9a80000)
 Metaspace       used 66047K, capacity 69741K, committed 69780K, reserved 1110016K
  class space    used 8681K, capacity 9612K, committed 9620K, reserved 1048576K
}
Event: 1443.613 GC heap before
{Heap before GC invocations=18 (full 3):
 PSYoungGen      total 238080K, used 238039K [0x00000000e0000000, 0x00000000f2900000, 0x0000000100000000)
  eden space 226816K, 100% used [0x00000000e0000000,0x00000000edd80000,0x00000000edd80000)
  from space 11264K, 99% used [0x00000000f1e00000,0x00000000f28f5fe8,0x00000000f2900000)
  to   space 24064K, 0% used [0x00000000efa00000,0x00000000efa00000,0x00000000f1180000)
 ParOldGen       total 158208K, used 49759K [0x00000000a0000000, 0x00000000a9a80000, 0x00000000e0000000)
  object space 158208K, 31% used [0x00000000a0000000,0x00000000a3097dd0,0x00000000a9a80000)
 Metaspace       used 72699K, capacity 76459K, committed 76692K, reserved 1116160K
  class space    used 9395K, capacity 10343K, committed 10388K, reserved 1048576K
Event: 1443.659 GC heap after
Heap after GC invocations=18 (full 3):
 PSYoungGen      total 241152K, used 21945K [0x00000000e0000000, 0x00000000f1e80000, 0x0000000100000000)
  eden space 219136K, 0% used [0x00000000e0000000,0x00000000e0000000,0x00000000ed600000)
  from space 22016K, 99% used [0x00000000efa00000,0x00000000f0f6e7e0,0x00000000f0f80000)
  to   space 15360K, 0% used [0x00000000f0f80000,0x00000000f0f80000,0x00000000f1e80000)
 ParOldGen       total 158208K, used 49767K [0x00000000a0000000, 0x00000000a9a80000, 0x00000000e0000000)
  object space 158208K, 31% used [0x00000000a0000000,0x00000000a3099dd0,0x00000000a9a80000)
 Metaspace       used 72699K, capacity 76459K, committed 76692K, reserved 1116160K
  class space    used 9395K, capacity 10343K, committed 10388K, reserved 1048576K
}

