# JRE version: OpenJDK Runtime Environment (8.0_152-b01) (build 1.8.0_152-release-915-b01)
# Java VM: OpenJDK 64-Bit Server VM (25.152-b01 mixed mode windows-amd64 compressed oops)
Heap:
 PSYoungGen      total 252928K, used 90809K [0x00000000e0000000, 0x00000000f5900000, 0x0000000100000000)
  eden space 232960K, 35% used [0x00000000e0000000,0x00000000e5113828,0x00000000ee380000)
  from space 19968K, 38% used [0x00000000ee380000,0x00000000eeb1ac30,0x00000000ef700000)
  to   space 28672K, 0% used [0x00000000f3d00000,0x00000000f3d00000,0x00000000f5900000)
 ParOldGen       total 125952K, used 65960K [0x00000000a0000000, 0x00000000a7b00000, 0x00000000e0000000)
  object space 125952K, 52% used [0x00000000a0000000,0x00000000a406a380,0x00000000a7b00000)
 Metaspace       used 69763K, capacity 72192K, committed 72280K, reserved 1112064K
  class space    used 9031K, capacity 9558K, committed 9600K, reserved 1048576K
GC Heap History (10 events):
Event: 42.399 GC heap before
{Heap before GC invocations=12 (full 2):
 PSYoungGen      total 212480K, used 166781K [0x00000000e0000000, 0x00000000f0900000, 0x0000000100000000)
  eden space 199168K, 77% used [0x00000000e0000000,0x00000000e95e0258,0x00000000ec280000)
  from space 13312K, 99% used [0x00000000ec280000,0x00000000ecf7f4e0,0x00000000ecf80000)
  to   space 18432K, 0% used [0x00000000ef700000,0x00000000ef700000,0x00000000f0900000)
 ParOldGen       total 79872K, used 26433K [0x00000000a0000000, 0x00000000a4e00000, 0x00000000e0000000)
  object space 79872K, 33% used [0x00000000a0000000,0x00000000a19d0438,0x00000000a4e00000)
 Metaspace       used 57105K, capacity 58934K, committed 59028K, reserved 1099776K
  class space    used 7693K, capacity 8148K, committed 8192K, reserved 1048576K
Event: 42.426 GC heap after
Heap after GC invocations=12 (full 2):
 PSYoungGen      total 251392K, used 15505K [0x00000000e0000000, 0x00000000f1e80000, 0x0000000100000000)
  eden space 232960K, 0% used [0x00000000e0000000,0x00000000e0000000,0x00000000ee380000)
  from space 18432K, 84% used [0x00000000ef700000,0x00000000f0624770,0x00000000f0900000)
  to   space 19968K, 0% used [0x00000000ee380000,0x00000000ee380000,0x00000000ef700000)
 ParOldGen       total 79872K, used 33353K [0x00000000a0000000, 0x00000000a4e00000, 0x00000000e0000000)
  object space 79872K, 41% used [0x00000000a0000000,0x00000000a2092570,0x00000000a4e00000)
 Metaspace       used 57105K, capacity 58934K, committed 59028K, reserved 1099776K
  class space    used 7693K, capacity 8148K, committed 8192K, reserved 1048576K
}
Event: 42.426 GC heap before
{Heap before GC invocations=13 (full 3):
 PSYoungGen      total 251392K, used 15505K [0x00000000e0000000, 0x00000000f1e80000, 0x0000000100000000)
  eden space 232960K, 0% used [0x00000000e0000000,0x00000000e0000000,0x00000000ee380000)
  from space 18432K, 84% used [0x00000000ef700000,0x00000000f0624770,0x00000000f0900000)
  to   space 19968K, 0% used [0x00000000ee380000,0x00000000ee380000,0x00000000ef700000)
 ParOldGen       total 79872K, used 33353K [0x00000000a0000000, 0x00000000a4e00000, 0x00000000e0000000)
  object space 79872K, 41% used [0x00000000a0000000,0x00000000a2092570,0x00000000a4e00000)
 Metaspace       used 57105K, capacity 58934K, committed 59028K, reserved 1099776K
  class space    used 7693K, capacity 8148K, committed 8192K, reserved 1048576K
Event: 42.703 GC heap after
Heap after GC invocations=13 (full 3):
 PSYoungGen      total 251392K, used 0K [0x00000000e0000000, 0x00000000f1e80000, 0x0000000100000000)
  eden space 232960K, 0% used [0x00000000e0000000,0x00000000e0000000,0x00000000ee380000)
  from space 18432K, 0% used [0x00000000ef700000,0x00000000ef700000,0x00000000f0900000)
  to   space 19968K, 0% used [0x00000000ee380000,0x00000000ee380000,0x00000000ef700000)
 ParOldGen       total 125952K, used 36438K [0x00000000a0000000, 0x00000000a7b00000, 0x00000000e0000000)
  object space 125952K, 28% used [0x00000000a0000000,0x00000000a2395bd8,0x00000000a7b00000)
 Metaspace       used 57105K, capacity 58934K, committed 59028K, reserved 1099776K
  class space    used 7693K, capacity 8148K, committed 8192K, reserved 1048576K
}
Event: 49.581 GC heap before
{Heap before GC invocations=14 (full 3):
 PSYoungGen      total 251392K, used 232960K [0x00000000e0000000, 0x00000000f1e80000, 0x0000000100000000)
  eden space 232960K, 100% used [0x00000000e0000000,0x00000000ee380000,0x00000000ee380000)
  from space 18432K, 0% used [0x00000000ef700000,0x00000000ef700000,0x00000000f0900000)
  to   space 19968K, 0% used [0x00000000ee380000,0x00000000ee380000,0x00000000ef700000)
 ParOldGen       total 125952K, used 36438K [0x00000000a0000000, 0x00000000a7b00000, 0x00000000e0000000)
  object space 125952K, 28% used [0x00000000a0000000,0x00000000a2395bd8,0x00000000a7b00000)
 Metaspace       used 63670K, capacity 65874K, committed 66008K, reserved 1105920K
  class space    used 8363K, capacity 8835K, committed 8960K, reserved 1048576K
Event: 49.624 GC heap after
Heap after GC invocations=14 (full 3):
 PSYoungGen      total 252928K, used 19944K [0x00000000e0000000, 0x00000000f4680000, 0x0000000100000000)
  eden space 232960K, 0% used [0x00000000e0000000,0x00000000e0000000,0x00000000ee380000)
  from space 19968K, 99% used [0x00000000ee380000,0x00000000ef6fa2c0,0x00000000ef700000)
  to   space 22528K, 0% used [0x00000000f3080000,0x00000000f3080000,0x00000000f4680000)
 ParOldGen       total 125952K, used 37114K [0x00000000a0000000, 0x00000000a7b00000, 0x00000000e0000000)
  object space 125952K, 29% used [0x00000000a0000000,0x00000000a243eb68,0x00000000a7b00000)
 Metaspace       used 63670K, capacity 65874K, committed 66008K, reserved 1105920K
  class space    used 8363K, capacity 8835K, committed 8960K, reserved 1048576K
}
Event: 52.723 GC heap before
{Heap before GC invocations=15 (full 3):
 PSYoungGen      total 252928K, used 252904K [0x00000000e0000000, 0x00000000f4680000, 0x0000000100000000)
  eden space 232960K, 100% used [0x00000000e0000000,0x00000000ee380000,0x00000000ee380000)
  from space 19968K, 99% used [0x00000000ee380000,0x00000000ef6fa2c0,0x00000000ef700000)
  to   space 22528K, 0% used [0x00000000f3080000,0x00000000f3080000,0x00000000f4680000)
 ParOldGen       total 125952K, used 37114K [0x00000000a0000000, 0x00000000a7b00000, 0x00000000e0000000)
  object space 125952K, 29% used [0x00000000a0000000,0x00000000a243eb68,0x00000000a7b00000)
 Metaspace       used 66639K, capacity 68948K, committed 69080K, reserved 1110016K
  class space    used 8625K, capacity 9154K, committed 9216K, reserved 1048576K
Event: 52.769 GC heap after
Heap after GC invocations=15 (full 3):
 PSYoungGen      total 255488K, used 22524K [0x00000000e0000000, 0x00000000f4680000, 0x0000000100000000)
  eden space 232960K, 0% used [0x00000000e0000000,0x00000000e0000000,0x00000000ee380000)
  from space 22528K, 99% used [0x00000000f3080000,0x00000000f467f2e0,0x00000000f4680000)
  to   space 19968K, 0% used [0x00000000ee380000,0x00000000ee380000,0x00000000ef700000)
 ParOldGen       total 125952K, used 47289K [0x00000000a0000000, 0x00000000a7b00000, 0x00000000e0000000)
  object space 125952K, 37% used [0x00000000a0000000,0x00000000a2e2e5e8,0x00000000a7b00000)
 Metaspace       used 66639K, capacity 68948K, committed 69080K, reserved 1110016K
  class space    used 8625K, capacity 9154K, committed 9216K, reserved 1048576K
}
Event: 63.637 GC heap before
{Heap before GC invocations=16 (full 3):
 PSYoungGen      total 255488K, used 255484K [0x00000000e0000000, 0x00000000f4680000, 0x0000000100000000)
  eden space 232960K, 100% used [0x00000000e0000000,0x00000000ee380000,0x00000000ee380000)
  from space 22528K, 99% used [0x00000000f3080000,0x00000000f467f2e0,0x00000000f4680000)
  to   space 19968K, 0% used [0x00000000ee380000,0x00000000ee380000,0x00000000ef700000)
 ParOldGen       total 125952K, used 47289K [0x00000000a0000000, 0x00000000a7b00000, 0x00000000e0000000)
  object space 125952K, 37% used [0x00000000a0000000,0x00000000a2e2e5e8,0x00000000a7b00000)
 Metaspace       used 68582K, capacity 71036K, committed 71384K, reserved 1112064K
  class space    used 8834K, capacity 9348K, committed 9472K, reserved 1048576K
Event: 63.695 GC heap after
Heap after GC invocations=16 (full 3):
 PSYoungGen      total 252928K, used 7787K [0x00000000e0000000, 0x00000000f5900000, 0x0000000100000000)
  eden space 232960K, 0% used [0x00000000e0000000,0x00000000e0000000,0x00000000ee380000)
  from space 19968K, 38% used [0x00000000ee380000,0x00000000eeb1ac30,0x00000000ef700000)
  to   space 28672K, 0% used [0x00000000f3d00000,0x00000000f3d00000,0x00000000f5900000)
 ParOldGen       total 125952K, used 65960K [0x00000000a0000000, 0x00000000a7b00000, 0x00000000e0000000)
  object space 125952K, 52% used [0x00000000a0000000,0x00000000a406a380,0x00000000a7b00000)
 Metaspace       used 68582K, capacity 71036K, committed 71384K, reserved 1112064K
  class space    used 8834K, capacity 9348K, committed 9472K, reserved 1048576K
}

